<?xml version="1.0" encoding="UTF-8"?>
<testng-results ignored="0" total="2" passed="2" failed="0" skipped="0">
  <reporter-output>
  </reporter-output>
  <suite started-at="2026-04-09T16:01:33 IST" name="Suite" finished-at="2026-04-09T16:02:06 IST" duration-ms="32461">
    <groups>
    </groups>
    <test started-at="2026-04-09T16:01:33 IST" name="Test" finished-at="2026-04-09T16:02:06 IST" duration-ms="32461">
      <class name="WorkshopDemoTest.UsersOrderTest">
        <test-method is-config="true" signature="configBC()[pri:0, instance:WorkshopDemoTest.UsersOrderTest@7fd50002]" started-at="2026-04-09T16:01:33 IST" name="configBC" finished-at="2026-04-09T16:01:35 IST" duration-ms="1904" status="PASS">
          <reporter-output>
          </reporter-output>
        </test-method> <!-- configBC -->
        <test-method is-config="true" signature="configBM()[pri:0, instance:WorkshopDemoTest.UsersOrderTest@7fd50002]" started-at="2026-04-09T16:01:37 IST" name="configBM" finished-at="2026-04-09T16:01:39 IST" duration-ms="2541" status="PASS">
          <reporter-output>
          </reporter-output>
        </test-method> <!-- configBM -->
        <test-method signature="accountCreationOrderTest(java.lang.String,java.lang.String,java.lang.String,java.lang.String)[pri:0, instance:WorkshopDemoTest.UsersOrderTest@7fd50002]" started-at="2026-04-09T16:01:39 IST" name="accountCreationOrderTest" data-provider="userData" finished-at="2026-04-09T16:01:51 IST" duration-ms="12251" status="PASS">
          <params>
            <param index="0">
              <value>
                <![CDATA[Sanjay]]>
              </value>
            </param>
            <param index="1">
              <value>
                <![CDATA[Jersey]]>
              </value>
            </param>
            <param index="2">
              <value>
                <![CDATA[snajayjersey]]>
              </value>
            </param>
            <param index="3">
              <value>
                <![CDATA[a@gmail.com]]>
              </value>
            </param>
          </params>
          <reporter-output>
          </reporter-output>
        </test-method> <!-- accountCreationOrderTest -->
        <test-method is-config="true" signature="configAM()[pri:0, instance:WorkshopDemoTest.UsersOrderTest@7fd50002]" started-at="2026-04-09T16:01:51 IST" name="configAM" finished-at="2026-04-09T16:01:52 IST" duration-ms="962" status="PASS">
          <reporter-output>
          </reporter-output>
        </test-method> <!-- configAM -->
        <test-method is-config="true" signature="configBM()[pri:0, instance:WorkshopDemoTest.UsersOrderTest@7fd50002]" started-at="2026-04-09T16:01:52 IST" name="configBM" finished-at="2026-04-09T16:01:53 IST" duration-ms="463" status="PASS">
          <reporter-output>
          </reporter-output>
        </test-method> <!-- configBM -->
        <test-method signature="accountCreationOrderTest(java.lang.String,java.lang.String,java.lang.String,java.lang.String)[pri:0, instance:WorkshopDemoTest.UsersOrderTest@7fd50002]" started-at="2026-04-09T16:01:53 IST" name="accountCreationOrderTest" data-provider="userData" finished-at="2026-04-09T16:02:04 IST" duration-ms="11359" status="PASS">
          <params>
            <param index="0">
              <value>
                <![CDATA[Anil]]>
              </value>
            </param>
            <param index="1">
              <value>
                <![CDATA[ChhotaDon]]>
              </value>
            </param>
            <param index="2">
              <value>
                <![CDATA[anilchhotaDon]]>
              </value>
            </param>
            <param index="3">
              <value>
                <![CDATA[b@gmail.com]]>
              </value>
            </param>
          </params>
          <reporter-output>
          </reporter-output>
        </test-method> <!-- accountCreationOrderTest -->
        <test-method is-config="true" signature="configAM()[pri:0, instance:WorkshopDemoTest.UsersOrderTest@7fd50002]" started-at="2026-04-09T16:02:04 IST" name="configAM" finished-at="2026-04-09T16:02:05 IST" duration-ms="1109" status="PASS">
          <reporter-output>
          </reporter-output>
        </test-method> <!-- configAM -->
        <test-method is-config="true" signature="configAC()[pri:0, instance:WorkshopDemoTest.UsersOrderTest@7fd50002]" started-at="2026-04-09T16:02:05 IST" name="configAC" finished-at="2026-04-09T16:02:06 IST" duration-ms="374" status="PASS">
          <reporter-output>
          </reporter-output>
        </test-method> <!-- configAC -->
      </class> <!-- WorkshopDemoTest.UsersOrderTest -->
    </test> <!-- Test -->
  </suite> <!-- Suite -->
</testng-results>
