<?xml version="1.0" encoding="UTF-8"?>
<testng-results ignored="0" total="2" passed="2" failed="0" skipped="0">
  <reporter-output>
  </reporter-output>
  <suite started-at="2026-04-09T12:38:46 IST" name="Default suite" finished-at="2026-04-09T12:39:18 IST" duration-ms="31817">
    <groups>
    </groups>
    <test started-at="2026-04-09T12:38:46 IST" name="Default test" finished-at="2026-04-09T12:39:18 IST" duration-ms="31817">
      <class name="WorkshopDemoTest.UsersOrderTest">
        <test-method is-config="true" signature="configBC()[pri:0, instance:WorkshopDemoTest.UsersOrderTest@433defed]" started-at="2026-04-09T12:38:46 IST" name="configBC" finished-at="2026-04-09T12:38:48 IST" duration-ms="1862" status="PASS">
          <reporter-output>
          </reporter-output>
        </test-method> <!-- configBC -->
        <test-method is-config="true" signature="configBM()[pri:0, instance:WorkshopDemoTest.UsersOrderTest@433defed]" started-at="2026-04-09T12:38:50 IST" name="configBM" finished-at="2026-04-09T12:38:51 IST" duration-ms="916" status="PASS">
          <reporter-output>
          </reporter-output>
        </test-method> <!-- configBM -->
        <test-method signature="accountCreationOrderTest(java.lang.String,java.lang.String,java.lang.String,java.lang.String)[pri:0, instance:WorkshopDemoTest.UsersOrderTest@433defed]" started-at="2026-04-09T12:38:51 IST" name="accountCreationOrderTest" data-provider="userData" finished-at="2026-04-09T12:39:05 IST" duration-ms="13832" status="PASS">
          <params>
            <param index="0">
              <value>
                <![CDATA[Sanjay]]>
              </value>
            </param>
            <param index="1">
              <value>
                <![CDATA[Jersey]]>
              </value>
            </param>
            <param index="2">
              <value>
                <![CDATA[snajayjersey]]>
              </value>
            </param>
            <param index="3">
              <value>
                <![CDATA[a@gmail.com]]>
              </value>
            </param>
          </params>
          <reporter-output>
          </reporter-output>
        </test-method> <!-- accountCreationOrderTest -->
        <test-method is-config="true" signature="configAM()[pri:0, instance:WorkshopDemoTest.UsersOrderTest@433defed]" started-at="2026-04-09T12:39:05 IST" name="configAM" finished-at="2026-04-09T12:39:05 IST" duration-ms="875" status="PASS">
          <reporter-output>
          </reporter-output>
        </test-method> <!-- configAM -->
        <test-method is-config="true" signature="configBM()[pri:0, instance:WorkshopDemoTest.UsersOrderTest@433defed]" started-at="2026-04-09T12:39:05 IST" name="configBM" finished-at="2026-04-09T12:39:06 IST" duration-ms="577" status="PASS">
          <reporter-output>
          </reporter-output>
        </test-method> <!-- configBM -->
        <test-method signature="accountCreationOrderTest(java.lang.String,java.lang.String,java.lang.String,java.lang.String)[pri:0, instance:WorkshopDemoTest.UsersOrderTest@433defed]" started-at="2026-04-09T12:39:06 IST" name="accountCreationOrderTest" data-provider="userData" finished-at="2026-04-09T12:39:16 IST" duration-ms="10407" status="PASS">
          <params>
            <param index="0">
              <value>
                <![CDATA[Anil]]>
              </value>
            </param>
            <param index="1">
              <value>
                <![CDATA[ChhotaDon]]>
              </value>
            </param>
            <param index="2">
              <value>
                <![CDATA[anilchhotaDon]]>
              </value>
            </param>
            <param index="3">
              <value>
                <![CDATA[b@gmail.com]]>
              </value>
            </param>
          </params>
          <reporter-output>
          </reporter-output>
        </test-method> <!-- accountCreationOrderTest -->
        <test-method is-config="true" signature="configAM()[pri:0, instance:WorkshopDemoTest.UsersOrderTest@433defed]" started-at="2026-04-09T12:39:16 IST" name="configAM" finished-at="2026-04-09T12:39:17 IST" duration-ms="849" status="PASS">
          <reporter-output>
          </reporter-output>
        </test-method> <!-- configAM -->
        <test-method is-config="true" signature="configAC()[pri:0, instance:WorkshopDemoTest.UsersOrderTest@433defed]" started-at="2026-04-09T12:39:17 IST" name="configAC" finished-at="2026-04-09T12:39:18 IST" duration-ms="481" status="PASS">
          <reporter-output>
          </reporter-output>
        </test-method> <!-- configAC -->
      </class> <!-- WorkshopDemoTest.UsersOrderTest -->
    </test> <!-- Default test -->
  </suite> <!-- Default suite -->
</testng-results>
