<?xml version="1.0" encoding="UTF-8"?>
<!-- Generated by org.testng.reporters.JUnitReportReporter -->
<testsuite hostname="Prem" failures="0" tests="2" name="WorkshopDemoTest.UserCreation" time="27.499" errors="0" timestamp="2026-04-09T11:13:44 IST" skipped="0">
  <testcase classname="WorkshopDemoTest.UserCreation" name="accountCreation" time="15.276"/>
  <testcase classname="WorkshopDemoTest.UserCreation" name="accountCreation" time="12.223"/>
</testsuite> <!-- WorkshopDemoTest.UserCreation -->
