<?xml version="1.0" encoding="UTF-8"?>
<!-- Generated by org.testng.reporters.JUnitReportReporter -->
<testsuite hostname="Prem" failures="0" tests="2" name="WorkshopDemoTest.UsersOrderTest" time="30.395" errors="0" timestamp="2026-04-09T13:28:24 IST" skipped="0">
  <testcase classname="WorkshopDemoTest.UsersOrderTest" name="accountCreationOrderTest" time="14.572"/>
  <testcase classname="WorkshopDemoTest.UsersOrderTest" name="accountCreationOrderTest" time="15.823"/>
</testsuite> <!-- WorkshopDemoTest.UsersOrderTest -->
