<?xml version="1.0" encoding="UTF-8"?>
<!-- Generated by org.testng.reporters.JUnitReportReporter -->
<testsuite hostname="Prem" failures="0" tests="2" name="WorkshopDemoTest.UsersOrderTest" time="27.456" errors="0" timestamp="2026-04-09T12:39:18 IST" skipped="0">
  <testcase classname="WorkshopDemoTest.UsersOrderTest" name="accountCreationOrderTest" time="15.258"/>
  <testcase classname="WorkshopDemoTest.UsersOrderTest" name="accountCreationOrderTest" time="12.198"/>
</testsuite> <!-- WorkshopDemoTest.UsersOrderTest -->
